2019-10-27 16:57:25,135 0      [           main] DEBUG ache.ibatis.logging.LogFactory  - Logging initialized using 'class org.apache.ibatis.logging.log4j.Log4jImpl' adapter.
2019-10-27 16:57:25,244 109    [           main] DEBUG source.pooled.PooledDataSource  - PooledDataSource forcefully closed/removed all connections.
2019-10-27 16:57:25,244 109    [           main] DEBUG source.pooled.PooledDataSource  - PooledDataSource forcefully closed/removed all connections.
2019-10-27 16:57:25,244 109    [           main] DEBUG source.pooled.PooledDataSource  - PooledDataSource forcefully closed/removed all connections.
2019-10-27 16:57:25,245 110    [           main] DEBUG source.pooled.PooledDataSource  - PooledDataSource forcefully closed/removed all connections.
2019-10-27 16:57:25,285 150    [           main] DEBUG ansaction.jdbc.JdbcTransaction  - Opening JDBC Connection
2019-10-27 16:57:25,513 378    [           main] DEBUG source.pooled.PooledDataSource  - Created connection 13803304.
2019-10-27 16:57:25,514 379    [           main] DEBUG ansaction.jdbc.JdbcTransaction  - Setting autocommit to false on JDBC Connection [com.mysql.jdbc.JDBC4Connection@d29f28]
2019-10-27 16:57:25,516 381    [           main] DEBUG   cn.figo.dao.IUserDao.findAll  - ==>  Preparing: select * from user 
2019-10-27 16:57:25,552 417    [           main] DEBUG   cn.figo.dao.IUserDao.findAll  - ==> Parameters: 
2019-10-27 16:57:25,594 459    [           main] DEBUG   cn.figo.dao.IUserDao.findAll  - <==      Total: 6
2019-10-27 16:57:25,603 468    [           main] DEBUG ansaction.jdbc.JdbcTransaction  - Resetting autocommit to true on JDBC Connection [com.mysql.jdbc.JDBC4Connection@d29f28]
2019-10-27 16:57:25,604 469    [           main] DEBUG ansaction.jdbc.JdbcTransaction  - Closing JDBC Connection [com.mysql.jdbc.JDBC4Connection@d29f28]
2019-10-27 16:57:25,604 469    [           main] DEBUG source.pooled.PooledDataSource  - Returned connection 13803304 to pool.
2019-10-27 17:03:36,270 0      [           main] DEBUG ache.ibatis.logging.LogFactory  - Logging initialized using 'class org.apache.ibatis.logging.log4j.Log4jImpl' adapter.
2019-10-27 17:03:36,378 108    [           main] DEBUG source.pooled.PooledDataSource  - PooledDataSource forcefully closed/removed all connections.
2019-10-27 17:03:36,379 109    [           main] DEBUG source.pooled.PooledDataSource  - PooledDataSource forcefully closed/removed all connections.
2019-10-27 17:03:36,379 109    [           main] DEBUG source.pooled.PooledDataSource  - PooledDataSource forcefully closed/removed all connections.
2019-10-27 17:03:36,379 109    [           main] DEBUG source.pooled.PooledDataSource  - PooledDataSource forcefully closed/removed all connections.
2019-10-27 17:03:36,419 149    [           main] DEBUG ansaction.jdbc.JdbcTransaction  - Opening JDBC Connection
2019-10-27 17:03:36,714 444    [           main] DEBUG source.pooled.PooledDataSource  - Created connection 13803304.
2019-10-27 17:03:36,714 444    [           main] DEBUG ansaction.jdbc.JdbcTransaction  - Setting autocommit to false on JDBC Connection [com.mysql.jdbc.JDBC4Connection@d29f28]
2019-10-27 17:03:36,716 446    [           main] DEBUG   cn.figo.dao.IUserDao.findAll  - ==>  Preparing: select * from user 
2019-10-27 17:03:36,756 486    [           main] DEBUG   cn.figo.dao.IUserDao.findAll  - ==> Parameters: 
2019-10-27 17:03:36,800 530    [           main] DEBUG   cn.figo.dao.IUserDao.findAll  - <==      Total: 6
2019-10-27 17:03:36,806 536    [           main] DEBUG ansaction.jdbc.JdbcTransaction  - Resetting autocommit to true on JDBC Connection [com.mysql.jdbc.JDBC4Connection@d29f28]
2019-10-27 17:03:36,807 537    [           main] DEBUG ansaction.jdbc.JdbcTransaction  - Closing JDBC Connection [com.mysql.jdbc.JDBC4Connection@d29f28]
2019-10-27 17:03:36,807 537    [           main] DEBUG source.pooled.PooledDataSource  - Returned connection 13803304 to pool.
